<?xml version="1.0" encoding="UTF-8"?>
<!-- Generated by org.testng.reporters.JUnitReportReporter -->
<testsuite skipped="0" hostname="SWO059169593957" name="selenium_test2.new_selenium_test.AppTest" tests="1" failures="0" timestamp="07 Mar 2023 22:21:39 GMT" time="6.402" errors="0">
  <testcase name="buildTest" time="6.402" classname="selenium_test2.new_selenium_test.AppTest"/>
</testsuite> <!-- selenium_test2.new_selenium_test.AppTest -->
